#
# There is insufficient memory for the Java Runtime Environment to continue.
# Native memory allocation (mmap) failed to map 167772160 bytes for G1 virtual space
# Possible reasons:
#   The system is out of physical RAM or swap space
#   The process is running with CompressedOops enabled, and the Java Heap may be blocking the growth of the native heap
# Possible solutions:
#   Reduce memory load on the system
#   Increase physical memory or swap space
#   Check if swap backing store is full
#   Decrease Java heap size (-Xmx/-Xms)
#   Decrease number of Java threads
#   Decrease Java thread stack sizes (-Xss)
#   Set larger code cache with -XX:ReservedCodeCacheSize=
#   JVM is running with Zero Based Compressed Oops mode in which the Java heap is
#     placed in the first 32GB address space. The Java Heap base address is the
#     maximum limit for the native heap growth. Please use -XX:HeapBaseMinAddress
#     to set the Java Heap base and to place the Java Heap above 32GB virtual address.
# This output file may be truncated or incomplete.
#
#  Out of Memory Error (os_windows.cpp:3548), pid=2664, tid=9476
#
# JRE version:  (17.0.10+11) (build )
# Java VM: Java HotSpot(TM) 64-Bit Server VM (17.0.10+11-LTS-240, mixed mode, emulated-client, sharing, tiered, compressed oops, compressed class ptrs, g1 gc, windows-amd64)
# No core dump will be written. Minidumps are not enabled by default on client versions of Windows
#

---------------  S U M M A R Y ------------

Command Line: -XX:TieredStopAtLevel=1 -Dspring.output.ansi.enabled=always -Dcom.sun.management.jmxremote -Dspring.jmx.enabled=true -Dspring.liveBeansView.mbeanDomain -Dspring.application.admin.enabled=true -Dmanagement.endpoints.jmx.exposure.include=* -javaagent:C:\work\java\idea\IntelliJ IDEA 2023.2.3\lib\idea_rt.jar=57420:C:\work\java\idea\IntelliJ IDEA 2023.2.3\bin -Dfile.encoding=UTF-8 com.courses.diplom.DiplomApplication

Host: AMD Ryzen 5 3500U with Radeon Vega Mobile Gfx  , 8 cores, 9G,  Windows 10 , 64 bit Build 19041 (10.0.19041.3636)
Time: Fri May 24 11:00:12 2024  Windows 10 , 64 bit Build 19041 (10.0.19041.3636) elapsed time: 0.017013 seconds (0d 0h 0m 0s)

---------------  T H R E A D  ---------------

Current thread (0x00000231d5c46e90):  JavaThread "Unknown thread" [_thread_in_vm, id=9476, stack(0x0000007ff0600000,0x0000007ff0700000)]

Stack: [0x0000007ff0600000,0x0000007ff0700000]
Native frames: (J=compiled Java code, j=interpreted, Vv=VM code, C=native code)
V  [jvm.dll+0x677a5a]
V  [jvm.dll+0x7d8b2d]
V  [jvm.dll+0x7da48e]
V  [jvm.dll+0x7daaf3]
V  [jvm.dll+0x2455ff]
V  [jvm.dll+0x6749b9]
V  [jvm.dll+0x669382]
V  [jvm.dll+0x302e96]
V  [jvm.dll+0x30a416]
V  [jvm.dll+0x359cbe]
V  [jvm.dll+0x359eef]
V  [jvm.dll+0x2d9e88]
V  [jvm.dll+0x2dadf4]
V  [jvm.dll+0x7aa551]
V  [jvm.dll+0x367911]
V  [jvm.dll+0x789639]
V  [jvm.dll+0x3eb30f]
V  [jvm.dll+0x3ecd91]
C  [jli.dll+0x5297]
C  [ucrtbase.dll+0x21bb2]
C  [KERNEL32.DLL+0x17344]
C  [ntdll.dll+0x526b1]


---------------  P R O C E S S  ---------------

Threads class SMR info:
_java_thread_list=0x00007fff8ea86a18, length=0, elements={
}

Java Threads: ( => current thread )

Other Threads:
  0x00000231d5c957a0 GCTaskThread "GC Thread#0" [stack: 0x0000007ff0700000,0x0000007ff0800000] [id=6004]
  0x00000231d5ca0d10 ConcurrentGCThread "G1 Main Marker" [stack: 0x0000007ff0800000,0x0000007ff0900000] [id=8948]
  0x00000231d5ca1720 ConcurrentGCThread "G1 Conc#0" [stack: 0x0000007ff0900000,0x0000007ff0a00000] [id=1196]

[error occurred during error reporting (printing all threads), id 0xc0000005, EXCEPTION_ACCESS_VIOLATION (0xc0000005) at pc=0x00007fff8e2baae7]

VM state: not at safepoint (not fully initialized)

VM Mutex/Monitor currently owned by a thread:  ([mutex/lock_event])
[0x00000231d5c43c80] Heap_lock - owner thread: 0x00000231d5c46e90

Heap address: 0x0000000761e00000, size: 2530 MB, Compressed Oops mode: Zero based, Oop shift amount: 3

CDS archive(s) mapped at: [0x0000000000000000-0x0000000000000000-0x0000000000000000), size 0, SharedBaseAddress: 0x0000000800000000, ArchiveRelocationMode: 1.
Narrow klass base: 0x0000000000000000, Narrow klass shift: 0, Narrow klass range: 0x0

GC Precious Log:
<Empty>

Heap:
 garbage-first heap   total 0K, used 0K [0x0000000761e00000, 0x0000000800000000)
  region size 2048K, 0 young (0K), 0 survivors (0K)

[error occurred during error reporting (printing heap information), id 0xc0000005, EXCEPTION_ACCESS_VIOLATION (0xc0000005) at pc=0x00007fff8e6a1249]

GC Heap History (0 events):
No events

Deoptimization events (0 events):
No events

Classes unloaded (0 events):
No events

Classes redefined (0 events):
No events

Internal exceptions (0 events):
No events

VM Operations (0 events):
No events

Events (1 events):
Event: 0.010 Loaded shared library C:\work\java\versions\JDK\jdk-17.0.10\bin\java.dll


Dynamic libraries:
0x00007ff7aee30000 - 0x00007ff7aee40000 	C:\work\java\versions\JDK\jdk-17.0.10\bin\java.exe
0x00007ff80d330000 - 0x00007ff80d528000 	C:\Windows\SYSTEM32\ntdll.dll
0x00007ff80bd90000 - 0x00007ff80be4d000 	C:\Windows\System32\KERNEL32.DLL
0x00007ff80ac80000 - 0x00007ff80af76000 	C:\Windows\System32\KERNELBASE.dll
0x00007ff80b260000 - 0x00007ff80b360000 	C:\Windows\System32\ucrtbase.dll
0x00007fffed870000 - 0x00007fffed889000 	C:\work\java\versions\JDK\jdk-17.0.10\bin\jli.dll
0x00007ffff4970000 - 0x00007ffff498b000 	C:\work\java\versions\JDK\jdk-17.0.10\bin\VCRUNTIME140.dll
0x00007ff80b770000 - 0x00007ff80b820000 	C:\Windows\System32\ADVAPI32.dll
0x00007ff80b8c0000 - 0x00007ff80b95e000 	C:\Windows\System32\msvcrt.dll
0x00007ff80b470000 - 0x00007ff80b510000 	C:\Windows\System32\sechost.dll
0x00007ff80b510000 - 0x00007ff80b633000 	C:\Windows\System32\RPCRT4.dll
0x00007ff80ac50000 - 0x00007ff80ac77000 	C:\Windows\System32\bcrypt.dll
0x00007ff80b960000 - 0x00007ff80baff000 	C:\Windows\System32\USER32.dll
0x00007fffefd10000 - 0x00007fffeffaa000 	C:\Windows\WinSxS\amd64_microsoft.windows.common-controls_6595b64144ccf1df_6.0.19041.4355_none_60b8b9eb71f62e16\COMCTL32.dll
0x00007ff80a9e0000 - 0x00007ff80aa02000 	C:\Windows\System32\win32u.dll
0x00007ff80b440000 - 0x00007ff80b46b000 	C:\Windows\System32\GDI32.dll
0x00007ff80aa10000 - 0x00007ff80ab27000 	C:\Windows\System32\gdi32full.dll
0x00007ff80af80000 - 0x00007ff80b01d000 	C:\Windows\System32\msvcp_win.dll
0x00007ff801410000 - 0x00007ff80141a000 	C:\Windows\SYSTEM32\VERSION.dll
0x00007ff80b820000 - 0x00007ff80b852000 	C:\Windows\System32\IMM32.DLL
0x00007ffff4fb0000 - 0x00007ffff4fbc000 	C:\work\java\versions\JDK\jdk-17.0.10\bin\vcruntime140_1.dll
0x00007fffebcb0000 - 0x00007fffebd3e000 	C:\work\java\versions\JDK\jdk-17.0.10\bin\msvcp140.dll
0x00007fff8dfd0000 - 0x00007fff8ebaf000 	C:\work\java\versions\JDK\jdk-17.0.10\bin\server\jvm.dll
0x00007ff80bb20000 - 0x00007ff80bb28000 	C:\Windows\System32\PSAPI.DLL
0x00007ff801420000 - 0x00007ff801447000 	C:\Windows\SYSTEM32\WINMM.dll
0x00007ffff6100000 - 0x00007ffff6109000 	C:\Windows\SYSTEM32\WSOCK32.dll
0x00007ff80cd60000 - 0x00007ff80cdcb000 	C:\Windows\System32\WS2_32.dll
0x00007ff808820000 - 0x00007ff808832000 	C:\Windows\SYSTEM32\kernel.appcore.dll
0x00007ffff40e0000 - 0x00007ffff40ea000 	C:\work\java\versions\JDK\jdk-17.0.10\bin\jimage.dll
0x00007ff800750000 - 0x00007ff800934000 	C:\Windows\SYSTEM32\DBGHELP.DLL
0x00007ffff6f10000 - 0x00007ffff6f44000 	C:\Windows\SYSTEM32\dbgcore.DLL
0x00007ff80b1d0000 - 0x00007ff80b252000 	C:\Windows\System32\bcryptPrimitives.dll
0x00007ff806460000 - 0x00007ff80646e000 	C:\work\java\versions\JDK\jdk-17.0.10\bin\instrument.dll
0x00007fffec850000 - 0x00007fffec875000 	C:\work\java\versions\JDK\jdk-17.0.10\bin\java.dll

dbghelp: loaded successfully - version: 4.0.5 - missing functions: none
symbol engine: initialized successfully - sym options: 0x614 - pdb path: .;C:\work\java\versions\JDK\jdk-17.0.10\bin;C:\Windows\SYSTEM32;C:\Windows\WinSxS\amd64_microsoft.windows.common-controls_6595b64144ccf1df_6.0.19041.4355_none_60b8b9eb71f62e16;C:\work\java\versions\JDK\jdk-17.0.10\bin\server

VM Arguments:
jvm_args: -XX:TieredStopAtLevel=1 -Dspring.output.ansi.enabled=always -Dcom.sun.management.jmxremote -Dspring.jmx.enabled=true -Dspring.liveBeansView.mbeanDomain -Dspring.application.admin.enabled=true -Dmanagement.endpoints.jmx.exposure.include=* -javaagent:C:\work\java\idea\IntelliJ IDEA 2023.2.3\lib\idea_rt.jar=57420:C:\work\java\idea\IntelliJ IDEA 2023.2.3\bin -Dfile.encoding=UTF-8 
java_command: com.courses.diplom.DiplomApplication
java_class_path (initial): C:\work\java\projects\IdeaProjects\IdeaProjects\diplom\diplom\build\classes\java\main;C:\work\java\projects\IdeaProjects\IdeaProjects\diplom\diplom\build\resources\main;C:\work\java\assembly automation\gradle-8.6-all\gradle-8.6\bin\caches\modules-2\files-2.1\org.projectlombok\lombok\1.18.32\17d46b3e205515e1e8efd3ee4d57ce8018914163\lombok-1.18.32.jar;C:\work\java\assembly automation\gradle-8.6-all\gradle-8.6\bin\caches\modules-2\files-2.1\org.springframework.boot\spring-boot-starter-data-jpa\3.2.5\99c1272c135f1c44b0c94ed0b65dca9b201323b7\spring-boot-starter-data-jpa-3.2.5.jar;C:\work\java\assembly automation\gradle-8.6-all\gradle-8.6\bin\caches\modules-2\files-2.1\org.springframework.boot\spring-boot-starter-oauth2-authorization-server\3.2.5\70c98bb9bf7fea33b389ebc30a07676eb1d322e\spring-boot-starter-oauth2-authorization-server-3.2.5.jar;C:\work\java\assembly automation\gradle-8.6-all\gradle-8.6\bin\caches\modules-2\files-2.1\org.springframework.boot\spring-boot-starter-validation\3.2.5\3757dceb20eca3880ee1fb5f07159e42c7f7405\spring-boot-starter-validation-3.2.5.jar;C:\work\java\assembly automation\gradle-8.6-all\gradle-8.6\bin\caches\modules-2\files-2.1\org.springframework.boot\spring-boot-starter-security\3.2.5\8ce0f176dfcf9a0b3b5d76babd971057f009961d\spring-boot-starter-security-3.2.5.jar;C:\work\java\assembly automation\gradle-8.6-all\gradle-8.6\bin\caches\modules-2\files-2.1\org.springframework.boot\spring-boot-starter-thymeleaf\3.2.5\293a7cb658eba8e0b25cec63609edbebbaa6c4a8\spring-boot-starter-thymeleaf-3.2.5.jar;C:\work\java\assembly automation\gradle-8.6-all\gradle-8.6\bin\caches\modules-2\files-2.1\org.springframework.boot\spring-boot-starter-web\3.2.5\664d75553c6af42122d4db645f4924a95084e382\spring-boot-starter-web-3.2.5.jar;C:\work\java\assembly automation\gradle-8.6-all\gradle-8.6\bin\caches\modules-2\files-2.1\org.flywaydb\flyway-core\9.22.3\76519923a547892f0108b99d1e7b06dcb4727ecd\flyway-core-9.22.3.jar;C:\work\java\assembly
Launcher Type: SUN_STANDARD

[Global flags]
     intx CICompilerCount                          = 4                                         {product} {ergonomic}
     uint ConcGCThreads                            = 2                                         {product} {ergonomic}
     uint G1ConcRefinementThreads                  = 8                                         {product} {ergonomic}
   size_t G1HeapRegionSize                         = 2097152                                   {product} {ergonomic}
    uintx GCDrainStackTargetSize                   = 64                                        {product} {ergonomic}
   size_t InitialHeapSize                          = 167772160                                 {product} {ergonomic}
     bool ManagementServer                         = true                                      {product} {command line}
   size_t MarkStackSize                            = 4194304                                   {product} {ergonomic}
   size_t MaxHeapSize                              = 2652897280                                {product} {ergonomic}
   size_t MinHeapDeltaBytes                        = 2097152                                   {product} {ergonomic}
   size_t MinHeapSize                              = 8388608                                   {product} {ergonomic}
    uintx NonProfiledCodeHeapSize                  = 0                                      {pd product} {ergonomic}
     bool ProfileInterpreter                       = false                                  {pd product} {command line}
    uintx ProfiledCodeHeapSize                     = 0                                      {pd product} {ergonomic}
   size_t SoftMaxHeapSize                          = 2652897280                             {manageable} {ergonomic}
     intx TieredStopAtLevel                        = 1                                         {product} {command line}
     bool UseCompressedClassPointers               = true                           {product lp64_product} {ergonomic}
     bool UseCompressedOops                        = true                           {product lp64_product} {ergonomic}
     bool UseG1GC                                  = true                                      {product} {ergonomic}
     bool UseLargePagesIndividualAllocation        = false                                  {pd product} {ergonomic}

Logging:
Log output configuration:
 #0: stdout all=warning uptime,level,tags
 #1: stderr all=off uptime,level,tags

Environment Variables:
JAVA_HOME=C:\work\java\versions\JDK\jdk-17.0.10
PATH=C:\Program Files\Common Files\Oracle\Java\javapath;C:\Program Files (x86)\Common Files\Oracle\Java\java8path;C:\Program Files (x86)\Common Files\Oracle\Java\javapath;C:\Windows\system32;C:\Windows;C:\Windows\System32\Wbem;C:\Windows\System32\WindowsPowerShell\v1.0\;C:\Windows\System32\OpenSSH\;C:\work\java\assembly automation\apache-maven-3.8.8-bin\apache-maven-3.8.8\bin;C:\work\java\idea\servlets\bin;C:\work\git\Git\cmd;C:\work\java\versions\JDK\jdk-17.0.10\bin;C:\work\java\assembly automation\gradle-8.6-all\gradle-8.6\bin;C:\work\java\db\PosgreSQL\bin;C:\Program Files\Docker\Docker\resources\bin;C:\Program Files\Cloudflare\Cloudflare WARP\;C:\Program Files\nodejs;C:\ProgramData\chocolatey\bin;C:\Program Files\MySQL\MySQL Shell 8.0\bin\;C:\Users\Novitskyi Vadim\AppData\Local\Microsoft\WindowsApps;C:\java\idea\IntelliJ IDEA Community Edition 2023.2.3\bin;;C:\work\java\idea\IntelliJ IDEA 2023.2.3\bin;;C:\work\front\Microsoft VS Code\bin;C:\Users\Novitskyi Vadim\AppData\Roaming\npm
USERNAME=Novitskyi Vadim
OS=Windows_NT
PROCESSOR_IDENTIFIER=AMD64 Family 23 Model 24 Stepping 1, AuthenticAMD



---------------  S Y S T E M  ---------------

OS:
 Windows 10 , 64 bit Build 19041 (10.0.19041.3636)
OS uptime: 0 days 1:22 hours
Hyper-V role detected

CPU: total 8 (initial active 8) (8 cores per cpu, 2 threads per core) family 23 model 24 stepping 1 microcode 0x0, cx8, cmov, fxsr, ht, mmx, 3dnowpref, sse, sse2, sse3, ssse3, sse4a, sse4.1, sse4.2, popcnt, lzcnt, tsc, tscinvbit, avx, avx2, aes, clmul, bmi1, bmi2, adx, sha, fma, vzeroupper, clflush, clflushopt, hv

Memory: 4k page, system-wide physical 10116M (790M free)
TotalPageFile size 16260M (AvailPageFile size 153M)
current process WorkingSet (physical memory assigned to process): 10M, peak: 10M
current process commit charge ("private bytes"): 55M, peak: 215M

vm_info: Java HotSpot(TM) 64-Bit Server VM (17.0.10+11-LTS-240) for windows-amd64 JRE (17.0.10+11-LTS-240), built on Dec 19 2023 21:47:25 by "mach5one" with MS VC++ 17.1 (VS2022)

END.
